<?xml version="1.0" encoding="UTF-8"?>
<!-- Generated by org.testng.reporters.JUnitReportReporter -->
<testsuite hostname="TYSS-Shobha" failures="0" tests="3" name="TestNgPratice.DataProviderEx1" time="0.022" errors="0" timestamp="2024-10-15T07:52:43 IST" skipped="0">
  <testcase classname="TestNgPratice.DataProviderEx1" name="bookTickets" time="0.015"/>
  <testcase classname="TestNgPratice.DataProviderEx1" name="bookTickets" time="0.004"/>
  <testcase classname="TestNgPratice.DataProviderEx1" name="bookTickets" time="0.003"/>
</testsuite> <!-- TestNgPratice.DataProviderEx1 -->
