<?xml version="1.0" encoding="UTF-8"?>
<!-- Generated by org.testng.reporters.JUnitReportReporter -->
<testsuite hostname="TYSS-Shobha" failures="0" tests="2" name="TestNgPratice.DataProviderEx3" time="51.264" errors="0" timestamp="2024-10-16T07:35:16 IST" skipped="0">
  <testcase classname="TestNgPratice.DataProviderEx3" name="organizationModuleTest" time="30.608"/>
  <testcase classname="TestNgPratice.DataProviderEx3" name="organizationModuleTest" time="20.656"/>
</testsuite> <!-- TestNgPratice.DataProviderEx3 -->
