<?xml version="1.0" encoding="UTF-8"?>
<!-- Generated by org.testng.reporters.JUnitReportReporter -->
<testsuite hostname="TYSS-Shobha" failures="0" tests="2" name="TestNgPratice.DataProviderEx2" time="90.668" errors="0" timestamp="2024-10-15T08:18:05 IST" skipped="0">
  <testcase classname="TestNgPratice.DataProviderEx2" name="organizationModuleTest" time="68.857"/>
  <testcase classname="TestNgPratice.DataProviderEx2" name="organizationModuleTest" time="21.811"/>
</testsuite> <!-- TestNgPratice.DataProviderEx2 -->
