<?xml version="1.0" encoding="UTF-8"?>
<!-- Generated by org.testng.reporters.JUnitReportReporter -->
<testsuite hostname="TYSS-Shobha" failures="0" tests="1" name="Organization.CreateOrganizationTest" time="26.300" errors="0" timestamp="2024-10-23T08:00:11 IST" skipped="0">
  <testcase classname="Organization.CreateOrganizationTest" name="createOrganizationTest" time="26.300"/>
</testsuite> <!-- Organization.CreateOrganizationTest -->
