<?xml version="1.0" encoding="UTF-8"?>
<!-- Generated by org.testng.reporters.JUnitReportReporter -->
<testsuite hostname="TYSS-Shobha" failures="0" tests="3" name="TestNgPratice.SampleTest" time="0.014" errors="0" timestamp="2024-10-14T08:42:13 IST" skipped="0">
  <testcase classname="TestNgPratice.SampleTest" name="deleteProduct" time="0.010"/>
  <testcase classname="TestNgPratice.SampleTest" name="createProduct" time="0.002"/>
  <testcase classname="TestNgPratice.SampleTest" name="modifyProduct" time="0.002"/>
</testsuite> <!-- TestNgPratice.SampleTest -->
