<?xml version="1.0" encoding="UTF-8"?>
<!-- Generated by org.testng.reporters.JUnitReportReporter -->
<testsuite hostname="TYSS-Shobha" failures="0" tests="1" name="Product.CreateProductAndDeleteProductTest" time="21.123" errors="0" timestamp="2024-10-17T07:41:26 IST" skipped="0">
  <testcase classname="Product.CreateProductAndDeleteProductTest" name="createProductAndDeleteProductTest" time="21.123"/>
</testsuite> <!-- Product.CreateProductAndDeleteProductTest -->
