<?xml version="1.0" encoding="UTF-8"?>
<!-- Generated by org.testng.reporters.JUnitReportReporter -->
<testsuite hostname="TYSS-Shobha" failures="0" tests="4" name="TestNgPratice.DependsOmMethodTest" time="0.018" errors="0" timestamp="2024-10-15T07:27:25 IST" skipped="1">
  <testcase classname="TestNgPratice.DependsOmMethodTest" name="createProduct" time="0.016"/>
  <testcase classname="TestNgPratice.DependsOmMethodTest" name="deleteProduct" time="0.001"/>
  <testcase classname="TestNgPratice.DependsOmMethodTest" name="deleteProduct" time="0.001"/>
  <testcase classname="TestNgPratice.DependsOmMethodTest" name="modifyProduct">
    <skipped/>
  </testcase> <!-- modifyProduct -->
</testsuite> <!-- TestNgPratice.DependsOmMethodTest -->
